SF:lib\infrastructure\lesson\lesson_repository.dart
DA:19,1
DA:24,2
DA:25,1
DA:26,1
DA:27,3
DA:28,2
DA:29,5
DA:32,2
DA:33,1
DA:34,1
DA:35,3
DA:36,2
DA:37,5
DA:41,4
DA:43,2
DA:44,2
DA:45,3
DA:58,1
DA:61,2
DA:62,2
DA:64,2
DA:78,0
DA:83,0
DA:84,0
DA:87,0
DA:88,0
DA:92,0
DA:95,0
DA:97,0
DA:98,0
DA:101,0
DA:103,0
DA:104,0
DA:107,0
DA:109,0
DA:110,0
DA:113,0
DA:115,0
DA:116,0
DA:120,0
DA:123,0
DA:124,0
DA:125,0
DA:126,0
DA:127,0
DA:130,0
DA:131,0
DA:132,0
DA:133,0
LF:49
LH:21
end_of_record
SF:lib\domain\lesson\model\assets.dart
DA:9,1
DA:11,0
DA:13,2
DA:15,0
LF:4
LH:2
end_of_record
SF:lib\domain\lesson\model\assets.g.dart
DA:9,1
DA:10,1
DA:11,2
DA:12,2
DA:14,2
DA:15,2
DA:20,0
DA:21,0
DA:22,0
LF:9
LH:6
end_of_record
SF:lib\domain\lesson\model\example.g.dart
DA:9,1
DA:10,1
DA:11,1
DA:12,2
DA:13,1
DA:14,1
DA:15,2
DA:18,0
DA:19,0
DA:20,0
LF:10
LH:7
end_of_record
SF:lib\domain\lesson\model\example.dart
DA:21,1
DA:23,1
DA:24,1
DA:26,0
LF:4
LH:3
end_of_record
SF:lib\domain\lesson\model\lesson.dart
DA:15,1
DA:22,2
DA:24,0
LF:3
LH:2
end_of_record
SF:lib\domain\lesson\model\lesson.g.dart
DA:9,1
DA:10,1
DA:11,1
DA:12,2
DA:13,2
DA:15,1
DA:16,0
DA:17,0
DA:18,0
DA:19,1
DA:21,2
DA:25,0
DA:26,0
DA:27,0
DA:28,0
DA:29,0
LF:16
LH:8
end_of_record
SF:lib\domain\lesson\model\message.g.dart
DA:9,1
DA:10,1
DA:11,2
DA:12,2
DA:14,1
DA:16,2
DA:17,2
DA:20,0
DA:21,0
DA:22,0
DA:23,0
LF:11
LH:7
end_of_record
SF:lib\domain\lesson\model\message.dart
DA:12,1
DA:14,1
DA:15,1
DA:17,0
LF:4
LH:3
end_of_record
SF:lib\domain\lesson\model\phrase.dart
DA:16,1
DA:25,2
DA:28,0
DA:29,0
DA:31,0
DA:32,0
DA:33,0
DA:35,0
DA:36,0
DA:38,0
DA:43,1
DA:44,2
DA:50,2
DA:52,1
DA:54,1
DA:55,1
DA:58,1
DA:62,2
DA:63,1
DA:64,1
DA:70,1
DA:71,1
DA:77,1
DA:78,1
DA:85,1
DA:92,0
DA:95,0
DA:96,0
DA:97,0
DA:98,0
LF:30
LH:17
end_of_record
SF:lib\domain\lesson\model\phrase.g.dart
DA:9,1
DA:10,1
DA:11,1
DA:12,2
DA:13,2
DA:15,1
DA:17,3
DA:18,2
DA:20,2
DA:21,2
DA:23,2
DA:24,2
DA:26,1
DA:28,2
DA:32,0
DA:33,0
DA:34,0
DA:35,0
DA:36,0
DA:37,0
DA:38,0
LF:21
LH:14
end_of_record
SF:lib\domain\lesson\model\section.dart
DA:11,1
DA:17,0
DA:18,0
DA:19,0
DA:20,0
DA:21,0
DA:25,1
DA:27,5
DA:28,1
DA:29,3
DA:30,3
DA:33,1
LF:12
LH:7
end_of_record
SF:lib\domain\system\model\user_activity.dart
DA:12,2
DA:17,0
DA:18,0
DA:20,0
LF:4
LH:1
end_of_record
SF:lib\domain\system\model\user_activity.g.dart
DA:9,0
DA:10,0
DA:11,0
DA:12,0
DA:16,0
DA:17,0
DA:18,0
DA:19,0
LF:8
LH:0
end_of_record
SF:lib\util\datatime_convertor.dart
DA:7,0
DA:9,0
DA:10,0
DA:12,0
DA:13,0
LF:5
LH:0
end_of_record
SF:lib\domain\user\model\membership.dart
DA:4,8
DA:6,8
DA:8,8
LF:3
LH:3
end_of_record
SF:lib\i10n\i10n.dart
DA:17,0
DA:18,0
DA:19,0
DA:20,0
DA:21,0
DA:23,0
DA:24,0
DA:25,0
DA:28,0
DA:29,0
LF:10
LH:0
end_of_record
SF:lib\i10n\messages.dart
DA:8,0
DA:10,0
DA:11,0
DA:13,0
DA:14,0
DA:16,0
DA:19,0
DA:20,0
DA:22,0
DA:26,0
DA:31,0
DA:37,0
DA:42,0
DA:48,0
DA:49,0
DA:51,0
DA:55,0
DA:57,0
DA:62,0
DA:66,0
DA:67,0
DA:69,0
DA:72,0
DA:74,0
DA:76,0
DA:78,0
DA:80,0
DA:81,0
DA:83,0
DA:86,0
DA:87,0
DA:89,0
DA:92,0
DA:97,0
DA:102,0
DA:107,0
DA:113,0
DA:118,0
DA:119,0
DA:121,0
DA:124,0
DA:129,0
DA:130,0
DA:132,0
DA:135,0
DA:141,0
DA:146,0
DA:151,0
DA:156,0
DA:161,0
DA:167,0
DA:169,0
DA:174,0
DA:178,0
DA:184,0
DA:185,0
DA:187,0
DA:190,0
DA:191,0
DA:193,0
DA:194,0
DA:196,0
DA:198,0
DA:199,0
DA:201,0
DA:202,0
DA:204,0
DA:205,0
DA:207,0
DA:208,0
DA:210,0
DA:211,0
DA:213,0
DA:215,0
DA:216,0
DA:218,0
DA:219,0
DA:223,0
DA:224,0
DA:226,0
DA:227,0
DA:229,0
DA:231,0
DA:232,0
DA:234,0
DA:235,0
DA:238,0
DA:239,0
DA:241,0
DA:242,0
DA:244,0
DA:247,0
DA:248,0
DA:250,0
DA:253,0
DA:254,0
DA:256,0
DA:257,0
DA:259,0
DA:260,0
DA:262,0
DA:263,0
DA:265,0
DA:266,0
DA:268,0
DA:269,0
DA:272,0
DA:274,0
DA:275,0
DA:277,0
DA:280,0
DA:281,0
DA:284,0
DA:287,0
DA:290,0
DA:293,0
DA:295,0
DA:297,0
DA:299,0
DA:300,0
DA:302,0
DA:304,0
DA:306,0
DA:307,0
DA:309,0
DA:310,0
DA:312,0
DA:314,0
DA:316,0
DA:318,0
DA:320,0
DA:322,0
DA:324,0
DA:325,0
DA:327,0
DA:328,0
DA:330,0
DA:331,0
DA:333,0
DA:334,0
DA:336,0
DA:337,0
DA:339,0
DA:340,0
DA:342,0
DA:343,0
DA:347,0
DA:348,0
DA:351,0
DA:352,0
DA:355,0
DA:356,0
DA:359,0
DA:360,0
DA:363,0
DA:364,0
DA:367,0
DA:368,0
DA:371,0
DA:372,0
DA:375,0
DA:376,0
DA:377,0
DA:379,0
DA:380,0
DA:381,0
DA:382,0
DA:383,0
DA:384,0
DA:386,0
LF:170
LH:0
end_of_record
SF:lib\i10n\i10n_delegate.dart
DA:8,0
DA:10,0
DA:11,0
DA:13,0
DA:14,0
DA:16,0
LF:6
LH:0
end_of_record
SF:lib\i10n\messages_all.dart
DA:23,0
DA:29,0
DA:31,0
DA:32,0
DA:33,0
DA:34,0
DA:35,0
DA:36,0
DA:43,0
DA:44,0
DA:46,0
DA:47,0
DA:49,0
DA:51,0
DA:52,0
DA:53,0
DA:54,0
DA:55,0
DA:58,0
DA:60,0
DA:66,0
DA:67,0
DA:68,0
DA:70,0
LF:24
LH:0
end_of_record
SF:lib\i10n\messages_en.dart
DA:15,0
DA:20,0
DA:22,0
DA:24,0
DA:26,0
DA:28,0
DA:30,0
DA:32,0
DA:34,0
DA:36,0
DA:38,0
DA:40,0
DA:42,0
DA:44,0
DA:47,0
DA:48,0
DA:49,0
DA:50,0
DA:51,0
DA:52,0
DA:53,0
DA:54,0
DA:55,0
DA:56,0
DA:57,0
DA:58,0
DA:59,0
DA:60,0
DA:61,0
DA:62,0
DA:63,0
DA:64,0
DA:65,0
DA:66,0
DA:67,0
DA:68,0
DA:69,0
DA:70,0
DA:71,0
DA:72,0
DA:73,0
DA:75,0
DA:76,0
DA:77,0
DA:78,0
DA:79,0
DA:80,0
DA:82,0
DA:84,0
DA:85,0
DA:86,0
DA:87,0
DA:88,0
DA:89,0
DA:90,0
DA:91,0
DA:92,0
DA:93,0
DA:94,0
DA:95,0
DA:96,0
DA:97,0
DA:98,0
DA:99,0
DA:100,0
DA:101,0
DA:103,0
DA:105,0
DA:107,0
DA:108,0
DA:109,0
DA:111,0
DA:112,0
DA:113,0
DA:114,0
DA:115,0
DA:116,0
DA:117,0
DA:119,0
DA:120,0
DA:121,0
DA:123,0
DA:124,0
DA:125,0
DA:126,0
DA:127,0
DA:128,0
DA:129,0
DA:130,0
DA:131,0
DA:132,0
DA:134,0
DA:135,0
DA:136,0
DA:137,0
DA:140,0
DA:141,0
DA:142,0
LF:98
LH:0
end_of_record
SF:lib\i10n\messages_ja.dart
DA:15,0
DA:20,0
DA:22,0
DA:24,0
DA:26,0
DA:28,0
DA:30,0
DA:32,0
DA:34,0
DA:36,0
DA:38,0
DA:40,0
DA:42,0
DA:44,0
DA:47,0
DA:48,0
DA:49,0
DA:50,0
DA:51,0
DA:52,0
DA:53,0
DA:54,0
DA:55,0
DA:56,0
DA:57,0
DA:58,0
DA:59,0
DA:60,0
DA:61,0
DA:62,0
DA:63,0
DA:64,0
DA:65,0
DA:66,0
DA:67,0
DA:68,0
DA:69,0
DA:70,0
DA:71,0
DA:72,0
DA:73,0
DA:75,0
DA:76,0
DA:77,0
DA:78,0
DA:79,0
DA:80,0
DA:82,0
DA:84,0
DA:85,0
DA:86,0
DA:87,0
DA:88,0
DA:89,0
DA:90,0
DA:91,0
DA:92,0
DA:93,0
DA:94,0
DA:95,0
DA:96,0
DA:97,0
DA:98,0
DA:99,0
DA:100,0
DA:101,0
DA:103,0
DA:105,0
DA:107,0
DA:108,0
DA:109,0
DA:111,0
DA:112,0
DA:113,0
DA:114,0
DA:115,0
DA:116,0
DA:117,0
DA:119,0
DA:120,0
DA:121,0
DA:123,0
DA:124,0
DA:125,0
DA:126,0
DA:127,0
DA:128,0
DA:129,0
DA:130,0
DA:131,0
DA:132,0
DA:134,0
DA:135,0
DA:136,0
DA:137,0
DA:140,0
DA:141,0
DA:142,0
LF:98
LH:0
end_of_record
SF:lib\i10n\messages_messages.dart
DA:15,0
DA:20,0
DA:22,0
DA:24,0
DA:26,0
DA:28,0
DA:30,0
DA:32,0
DA:34,0
DA:36,0
DA:38,0
DA:40,0
DA:42,0
DA:44,0
DA:47,0
DA:48,0
DA:49,0
DA:50,0
DA:51,0
DA:52,0
DA:53,0
DA:54,0
DA:55,0
DA:56,0
DA:57,0
DA:58,0
DA:59,0
DA:60,0
DA:61,0
DA:62,0
DA:63,0
DA:64,0
DA:65,0
DA:66,0
DA:67,0
DA:68,0
DA:69,0
DA:70,0
DA:71,0
DA:72,0
DA:73,0
DA:75,0
DA:76,0
DA:77,0
DA:78,0
DA:79,0
DA:80,0
DA:82,0
DA:84,0
DA:85,0
DA:86,0
DA:87,0
DA:88,0
DA:89,0
DA:90,0
DA:91,0
DA:92,0
DA:93,0
DA:94,0
DA:95,0
DA:96,0
DA:97,0
DA:98,0
DA:99,0
DA:100,0
DA:101,0
DA:103,0
DA:105,0
DA:107,0
DA:108,0
DA:109,0
DA:111,0
DA:112,0
DA:113,0
DA:114,0
DA:115,0
DA:116,0
DA:117,0
DA:119,0
DA:120,0
DA:121,0
DA:123,0
DA:124,0
DA:125,0
DA:126,0
DA:127,0
DA:128,0
DA:129,0
DA:130,0
DA:131,0
DA:132,0
DA:134,0
DA:135,0
DA:136,0
DA:137,0
DA:140,0
DA:141,0
DA:142,0
LF:98
LH:0
end_of_record
SF:lib\util\cloud_functions.dart
DA:12,0
DA:15,0
DA:19,0
DA:23,0
DA:25,0
DA:26,0
DA:29,0
DA:30,0
DA:32,0
DA:33,0
LF:10
LH:0
end_of_record
SF:lib\util\logger.dart
DA:14,2
DA:15,4
DA:21,0
DA:23,6
DA:26,2
DA:27,2
DA:28,2
DA:29,2
DA:30,2
DA:31,2
DA:33,6
DA:38,2
DA:39,2
DA:43,0
DA:44,0
DA:45,0
DA:48,0
DA:49,0
DA:50,0
DA:51,0
DA:52,0
DA:53,0
DA:55,0
DA:57,0
DA:62,0
DA:63,0
DA:67,2
DA:68,0
DA:69,0
DA:71,2
DA:73,0
DA:76,0
LF:32
LH:14
end_of_record
SF:lib\util\extensions\collection_extension.dart
DA:7,0
DA:8,0
DA:9,0
DA:10,0
DA:11,0
DA:17,1
DA:18,1
DA:19,3
DA:20,2
DA:26,0
DA:27,0
DA:28,0
DA:29,0
DA:31,0
LF:14
LH:4
end_of_record
SF:lib\util\extensions\fbauth_exception_message.dart
DA:8,0
DA:9,0
DA:10,0
DA:11,0
DA:12,0
DA:13,0
DA:14,0
DA:15,0
DA:16,0
DA:17,0
DA:18,0
DA:19,0
DA:20,0
DA:21,0
DA:23,0
LF:15
LH:0
end_of_record
SF:lib\util\extensions\padding_extension.dart
DA:6,0
DA:7,0
DA:8,0
LF:3
LH:0
end_of_record
SF:lib\util\extensions\string_capitalization.dart
DA:4,0
DA:5,0
LF:2
LH:0
end_of_record
SF:lib\domain\lesson\model\favorite_phrase_list.dart
DA:20,1
DA:29,0
DA:30,0
DA:35,0
DA:36,0
DA:38,0
DA:44,1
DA:47,2
DA:49,1
DA:51,1
DA:52,1
DA:54,2
DA:72,0
DA:73,0
DA:76,0
DA:77,0
DA:78,0
DA:81,0
DA:82,0
DA:83,0
DA:84,0
DA:85,0
DA:92,0
DA:93,0
DA:94,0
DA:96,0
DA:97,0
LF:27
LH:7
end_of_record
SF:lib\domain\lesson\model\favorite_phrase_list.g.dart
DA:9,1
DA:10,1
DA:11,1
DA:12,1
DA:13,1
DA:14,1
DA:15,1
DA:16,1
DA:17,1
DA:21,1
DA:22,1
DA:23,1
DA:24,1
DA:25,1
DA:26,1
DA:27,3
LF:16
LH:16
end_of_record
SF:lib\domain\lesson\model\test_result.dart
DA:10,2
DA:14,2
DA:25,2
DA:26,2
DA:28,4
LF:5
LH:5
end_of_record
SF:lib\domain\lesson\model\test_result.g.dart
DA:9,2
DA:10,2
DA:11,2
DA:12,2
DA:13,2
DA:17,2
DA:18,2
DA:19,2
DA:20,2
DA:21,2
LF:10
LH:10
end_of_record
SF:lib\domain\note\model\note.dart
DA:18,2
DA:26,2
DA:29,0
DA:34,0
DA:35,0
DA:41,0
DA:45,2
DA:50,4
DA:51,2
DA:58,1
DA:59,2
DA:61,4
DA:66,0
DA:71,0
DA:72,0
DA:78,0
DA:82,4
DA:84,4
DA:96,4
DA:98,0
DA:99,0
DA:100,0
DA:101,0
DA:106,0
DA:107,0
DA:109,0
DA:110,0
DA:112,0
DA:120,0
DA:121,0
DA:122,0
DA:123,0
DA:127,0
DA:128,0
DA:129,0
DA:131,0
DA:132,0
DA:140,0
DA:141,0
DA:142,0
DA:143,0
LF:41
LH:11
end_of_record
SF:lib\domain\note\model\note.g.dart
DA:9,2
DA:10,2
DA:11,2
DA:12,2
DA:13,2
DA:14,2
DA:15,2
DA:16,2
DA:17,6
DA:18,2
DA:22,4
DA:23,2
DA:24,2
DA:25,2
DA:26,2
DA:27,2
DA:28,10
LF:17
LH:17
end_of_record
SF:lib\infrastructure\api\functions.dart
DA:18,0
DA:22,0
DA:28,0
DA:29,0
DA:32,0
LF:5
LH:0
end_of_record
SF:lib\infrastructure\auth\auth_repository.dart
DA:12,1
DA:21,0
DA:22,0
DA:23,0
DA:24,0
DA:25,0
DA:26,0
DA:32,0
DA:34,0
DA:39,0
DA:43,0
DA:47,0
DA:52,0
DA:54,0
DA:58,0
DA:63,0
DA:64,0
DA:66,0
DA:70,0
DA:72,0
DA:78,0
DA:82,0
DA:83,0
DA:86,0
DA:87,0
DA:88,0
DA:89,0
DA:90,0
DA:91,0
DA:93,0
DA:95,0
DA:96,0
DA:97,0
DA:98,0
DA:99,0
DA:100,0
DA:104,0
DA:105,0
DA:106,0
DA:108,0
DA:111,0
DA:112,0
DA:121,0
DA:125,0
DA:127,0
DA:129,0
DA:133,0
DA:136,0
DA:138,0
DA:140,0
DA:144,0
DA:146,0
DA:150,0
DA:151,0
DA:153,0
DA:154,0
DA:160,0
DA:161,0
LF:58
LH:1
end_of_record
SF:lib\infrastructure\lesson\favorite_repository.dart
DA:8,2
DA:12,1
DA:15,2
DA:16,1
DA:17,1
DA:18,1
DA:22,1
DA:24,3
DA:25,1
DA:26,4
DA:27,1
DA:33,1
DA:37,1
DA:38,4
DA:39,1
DA:43,1
DA:47,1
DA:48,4
DA:49,1
DA:50,4
DA:55,1
DA:60,1
DA:61,2
DA:62,2
DA:63,2
DA:68,1
DA:72,2
DA:73,2
DA:74,2
LF:29
LH:29
end_of_record
SF:lib\infrastructure\note\note_repository.dart
DA:13,2
DA:17,4
DA:20,1
DA:24,2
DA:25,2
DA:26,1
DA:27,2
DA:28,2
DA:29,4
DA:34,1
DA:35,2
DA:36,2
DA:37,1
DA:38,2
DA:39,1
DA:40,4
DA:44,1
DA:45,2
DA:46,2
DA:47,1
DA:48,2
DA:49,2
DA:50,4
DA:55,1
DA:56,1
DA:57,2
DA:58,2
DA:59,1
DA:60,1
DA:61,2
DA:62,4
DA:63,2
DA:64,2
LF:33
LH:33
end_of_record
SF:lib\infrastructure\user\user_repository.dart
DA:12,2
DA:16,2
DA:17,6
DA:20,2
DA:21,14
DA:26,0
DA:29,0
DA:30,0
DA:34,1
DA:37,4
DA:40,2
DA:44,2
DA:48,1
DA:51,7
DA:56,1
DA:59,6
DA:60,1
LF:17
LH:14
end_of_record
SF:lib\usecase\user_service.dart
DA:21,1
DA:40,0
DA:45,0
DA:46,0
DA:47,0
DA:48,0
DA:49,0
DA:51,0
DA:52,0
DA:58,0
DA:59,0
DA:60,0
DA:61,0
DA:65,0
DA:66,0
DA:69,0
DA:70,0
DA:74,0
DA:78,0
DA:79,0
DA:83,0
DA:87,0
DA:88,0
DA:92,0
DA:96,0
DA:97,0
DA:101,1
DA:105,2
DA:106,0
DA:109,2
DA:111,2
DA:115,1
DA:121,3
DA:124,2
DA:127,2
DA:131,0
DA:132,0
DA:136,0
DA:137,0
DA:141,1
DA:143,3
DA:146,6
DA:147,1
DA:148,4
DA:149,1
DA:150,4
DA:155,0
DA:158,0
LF:48
LH:16
end_of_record
SF:lib\domain\user\model\user.g.dart
DA:9,4
DA:10,4
DA:11,4
DA:12,4
DA:13,4
DA:14,4
DA:15,8
DA:16,4
DA:17,4
DA:18,4
DA:19,4
DA:20,4
DA:21,4
DA:22,4
DA:23,8
DA:27,14
DA:28,7
DA:29,7
DA:30,7
DA:31,25
DA:32,7
DA:33,7
DA:34,7
DA:35,7
DA:36,7
DA:37,7
DA:38,14
DA:41,4
DA:47,0
DA:48,0
DA:51,4
DA:52,16
DA:53,4
DA:56,0
DA:57,0
DA:62,4
DA:70,4
LF:37
LH:33
end_of_record
SF:lib\domain\user\model\user.dart
DA:18,7
DA:32,7
DA:33,14
DA:35,7
DA:40,7
DA:43,14
DA:51,0
DA:52,0
DA:56,0
DA:67,0
DA:68,0
DA:72,0
DA:83,8
DA:85,14
DA:112,0
LF:15
LH:8
end_of_record
SF:lib\infrastructure\util\versioning.dart
DA:6,1
DA:7,2
DA:9,15
LF:3
LH:3
end_of_record
SF:lib\domain\lesson\model\favorite_phrase_digest.dart
DA:11,0
DA:16,0
DA:17,0
DA:19,0
LF:4
LH:0
end_of_record
SF:lib\domain\lesson\model\favorite_phrase_digest.g.dart
DA:9,0
DA:10,0
DA:11,0
DA:12,0
DA:14,0
DA:18,0
DA:20,0
DA:21,0
DA:22,0
LF:9
LH:0
end_of_record
SF:lib\domain\note\model\note_phrase.dart
DA:12,2
DA:19,0
DA:20,0
DA:24,0
DA:29,2
DA:30,4
DA:31,2
DA:35,4
DA:52,2
DA:53,2
DA:55,4
LF:11
LH:8
end_of_record
SF:lib\domain\note\model\note_phrase.g.dart
DA:9,2
DA:10,2
DA:11,2
DA:12,2
DA:13,2
DA:14,2
DA:18,2
DA:19,2
DA:20,2
DA:21,2
DA:22,2
DA:23,2
LF:12
LH:12
end_of_record
SF:lib\domain\shop\model\shop_item.dart
DA:11,2
DA:34,2
DA:35,2
DA:37,4
LF:4
LH:4
end_of_record
SF:lib\domain\shop\model\shop_item.g.dart
DA:9,2
DA:10,2
DA:11,2
DA:12,2
DA:13,2
DA:14,2
DA:15,2
DA:19,4
DA:20,2
DA:21,2
DA:22,2
DA:23,2
DA:24,2
LF:13
LH:13
end_of_record
SF:lib\infrastructure\shop\shop_repository.dart
DA:15,1
DA:20,1
DA:21,4
DA:22,1
DA:23,4
DA:24,1
DA:27,0
DA:29,0
DA:33,0
DA:34,0
DA:37,0
DA:38,0
DA:42,0
DA:45,0
DA:47,0
DA:51,0
DA:52,0
DA:55,0
DA:56,0
DA:60,0
DA:63,1
DA:65,2
DA:66,1
DA:67,2
DA:68,1
DA:69,2
DA:70,2
DA:74,1
DA:75,1
DA:76,3
DA:77,1
DA:78,1
DA:79,1
DA:80,1
DA:81,2
DA:82,2
DA:83,1
DA:84,1
DA:85,3
DA:91,1
DA:95,1
DA:96,3
DA:97,1
DA:98,1
DA:99,1
DA:100,1
DA:101,1
DA:102,2
DA:103,2
DA:104,1
DA:105,1
DA:106,3
LF:52
LH:38
end_of_record
SF:lib\usecase\shop_service.dart
DA:14,1
DA:19,1
DA:20,2
DA:23,0
DA:24,0
DA:27,0
DA:28,0
DA:33,1
DA:37,3
DA:38,4
DA:41,0
DA:44,3
DA:45,0
DA:48,2
DA:49,3
DA:50,3
DA:54,1
DA:55,2
DA:60,0
DA:64,0
DA:65,0
DA:66,0
DA:69,0
DA:70,0
DA:71,0
DA:72,0
DA:73,0
DA:75,0
LF:28
LH:12
end_of_record
SF:lib\domain\shop\model\receipt.g.dart
DA:9,1
DA:10,1
DA:11,1
DA:12,1
DA:13,1
DA:17,2
DA:18,1
DA:19,1
DA:20,1
LF:9
LH:9
end_of_record
SF:lib\domain\shop\model\receipt.dart
DA:11,1
DA:17,1
DA:20,2
DA:31,1
DA:32,1
DA:34,2
LF:6
LH:6
end_of_record
SF:lib\util\env_keys.dart
DA:28,0
DA:50,0
DA:53,0
DA:54,0
DA:55,0
DA:56,0
DA:57,0
DA:58,0
DA:59,0
DA:60,0
DA:61,0
DA:62,0
DA:63,0
DA:64,0
DA:65,0
DA:66,0
DA:67,0
DA:68,0
DA:69,0
DA:70,0
DA:71,0
DA:73,0
DA:74,0
DA:75,0
DA:76,0
DA:77,0
DA:78,0
DA:79,0
DA:80,0
DA:81,0
DA:82,0
DA:83,0
DA:84,0
DA:85,0
DA:86,0
DA:88,0
DA:89,0
DA:90,0
DA:91,0
DA:92,0
DA:93,0
DA:97,0
DA:98,0
DA:99,0
DA:100,0
DA:101,0
DA:106,0
DA:107,0
DA:108,0
DA:109,0
DA:110,0
LF:51
LH:0
end_of_record
SF:lib\domain\note\model\note_v1.g.dart
DA:9,1
DA:10,1
DA:11,1
DA:12,1
DA:16,2
DA:17,1
DA:18,1
LF:7
LH:7
end_of_record
SF:lib\domain\note\model\note_v1.dart
DA:11,1
DA:16,2
DA:18,1
DA:19,4
DA:22,2
LF:5
LH:5
end_of_record
SF:lib\domain\note\model\note_v2.g.dart
DA:9,1
DA:10,1
DA:11,1
DA:12,1
DA:16,2
DA:17,1
DA:18,1
LF:7
LH:7
end_of_record
SF:lib\domain\note\model\note_v2.dart
DA:11,1
DA:16,2
DA:18,1
DA:20,5
DA:21,2
DA:24,2
LF:6
LH:6
end_of_record
SF:lib\domain\shop\model\shop_item_v1.g.dart
DA:9,1
DA:10,1
DA:11,1
DA:12,1
DA:16,1
DA:17,1
DA:18,1
DA:19,1
LF:8
LH:8
end_of_record
SF:lib\domain\shop\model\shop_item_v1.dart
DA:11,1
DA:16,1
DA:17,1
DA:19,1
DA:20,1
DA:21,3
DA:24,2
LF:7
LH:7
end_of_record
SF:lib\domain\shop\model\shop_item_v2.g.dart
DA:9,1
DA:10,1
DA:11,1
DA:12,1
DA:16,1
DA:17,1
DA:18,1
DA:19,1
LF:8
LH:8
end_of_record
SF:lib\domain\shop\model\shop_item_v2.dart
DA:11,1
DA:16,1
DA:17,1
DA:19,1
DA:21,5
DA:22,2
DA:25,2
LF:7
LH:7
end_of_record
SF:lib\domain\user\model\user_v1.g.dart
DA:9,1
DA:10,1
DA:11,1
DA:12,1
DA:16,2
DA:17,1
DA:18,1
LF:7
LH:7
end_of_record
SF:lib\domain\user\model\user_v1.dart
DA:12,1
DA:17,2
DA:19,1
DA:20,4
DA:23,2
LF:5
LH:5
end_of_record
SF:lib\domain\user\model\user_v2.g.dart
DA:9,1
DA:10,1
DA:11,1
DA:12,1
DA:16,2
DA:17,1
DA:18,1
LF:7
LH:7
end_of_record
SF:lib\domain\user\model\user_v2.dart
DA:12,1
DA:17,2
DA:19,1
DA:21,5
DA:22,2
DA:25,2
LF:6
LH:6
end_of_record
SF:lib\util\migrations.dart
DA:17,1
DA:19,2
DA:20,1
DA:21,4
DA:38,1
DA:42,1
DA:43,4
DA:46,1
DA:47,4
DA:51,1
DA:54,1
DA:55,1
DA:57,2
DA:63,4
DA:64,3
DA:65,1
DA:66,4
DA:69,1
DA:70,3
DA:73,2
DA:74,2
DA:75,2
DA:76,4
DA:78,2
DA:79,0
DA:80,0
DA:81,0
DA:86,1
DA:89,1
DA:90,1
DA:92,2
DA:97,2
DA:100,4
DA:101,3
DA:102,1
DA:103,4
DA:106,1
DA:107,3
DA:110,2
DA:111,2
DA:112,2
DA:113,4
DA:115,2
DA:116,0
DA:117,0
DA:118,0
DA:123,1
DA:126,2
DA:127,2
DA:131,3
DA:132,1
DA:133,4
DA:136,3
DA:139,2
DA:140,2
DA:141,4
DA:143,2
DA:144,0
DA:145,0
DA:146,0
DA:151,1
DA:154,2
DA:155,2
DA:158,2
DA:161,3
DA:162,1
DA:163,4
DA:166,3
DA:169,2
DA:170,2
DA:171,4
DA:173,2
DA:174,0
DA:175,0
DA:176,0
DA:181,1
DA:183,2
DA:186,1
DA:188,2
LF:79
LH:67
end_of_record
