SF:lib/domain/user/model/user.dart
DA:14,1
DA:26,0
DA:28,0
DA:29,0
DA:37,0
DA:42,1
DA:43,1
DA:52,1
DA:56,0
DA:91,0
DA:94,0
DA:95,0
LF:12
LH:4
end_of_record
SF:lib/domain/user/model/user.g.dart
DA:9,0
DA:10,0
DA:11,0
DA:12,0
DA:13,0
DA:14,0
DA:15,0
DA:16,0
DA:17,0
DA:18,0
DA:19,0
DA:21,0
DA:23,0
DA:24,0
DA:26,0
DA:27,0
DA:29,0
DA:30,0
DA:32,0
DA:35,0
DA:36,0
DA:37,0
DA:38,0
DA:39,0
DA:40,0
DA:41,0
DA:42,0
DA:43,0
DA:44,0
DA:45,0
DA:46,0
DA:49,0
DA:55,0
DA:56,0
DA:59,0
DA:60,0
DA:61,0
DA:64,0
DA:65,0
DA:70,0
DA:78,0
LF:41
LH:0
end_of_record
SF:lib/domain/lesson/model/assets.dart
DA:9,0
DA:10,0
DA:12,0
LF:3
LH:0
end_of_record
SF:lib/domain/lesson/model/assets.g.dart
DA:9,0
DA:10,0
DA:11,0
DA:12,0
DA:14,0
DA:15,0
DA:20,0
DA:21,0
DA:22,0
LF:9
LH:0
end_of_record
SF:lib/domain/lesson/model/example.dart
DA:12,0
DA:14,0
DA:15,0
DA:17,0
LF:4
LH:0
end_of_record
SF:lib/domain/lesson/model/example.g.dart
DA:9,0
DA:10,0
DA:11,0
DA:12,0
DA:13,0
DA:14,0
DA:15,0
DA:18,0
DA:19,0
DA:20,0
LF:10
LH:0
end_of_record
SF:lib/domain/lesson/model/message.dart
DA:13,0
DA:15,0
DA:16,0
DA:18,0
LF:4
LH:0
end_of_record
SF:lib/domain/lesson/model/message.g.dart
DA:9,0
DA:10,0
DA:11,0
DA:12,0
DA:14,0
DA:16,0
DA:17,0
DA:20,0
DA:21,0
DA:22,0
DA:23,0
LF:11
LH:0
end_of_record
SF:lib/domain/lesson/model/phrase.dart
DA:13,0
DA:22,0
DA:25,0
DA:26,0
DA:32,0
DA:34,0
DA:36,0
DA:37,0
DA:40,0
DA:44,0
DA:45,0
DA:46,0
DA:52,0
DA:53,0
DA:59,0
DA:60,0
DA:67,0
DA:73,0
DA:76,0
DA:77,0
DA:78,0
DA:79,0
LF:22
LH:0
end_of_record
SF:lib/domain/lesson/model/phrase.g.dart
DA:9,0
DA:10,0
DA:11,0
DA:12,0
DA:13,0
DA:15,0
DA:17,0
DA:18,0
DA:19,0
DA:21,0
DA:22,0
DA:24,0
DA:26,0
DA:30,0
DA:31,0
DA:32,0
DA:33,0
DA:34,0
DA:35,0
DA:36,0
LF:20
LH:0
end_of_record
SF:lib/domain/system/model/activity.dart
DA:10,0
DA:17,0
DA:18,0
DA:32,0
LF:4
LH:0
end_of_record
SF:lib/domain/system/model/activity.g.dart
DA:9,0
DA:10,0
DA:11,0
DA:12,0
DA:13,0
DA:14,0
DA:18,0
DA:19,0
DA:20,0
DA:21,0
DA:22,0
LF:11
LH:0
end_of_record
SF:lib/domain/user/model/membership.dart
DA:4,1
DA:6,1
DA:8,1
LF:3
LH:3
end_of_record
